C:\USERS\PETERMAC\DROPBOX\UNIVERSITY\MPROF\NETWORK GAME PROGRAMMING\COURSEWORK\SERVER\SERVER\DEBUG\GAMEWORLD.OBJ
C:\USERS\PETERMAC\DROPBOX\UNIVERSITY\MPROF\NETWORK GAME PROGRAMMING\COURSEWORK\SERVER\SERVER\DEBUG\NWENTITY.OBJ
C:\USERS\PETERMAC\DROPBOX\UNIVERSITY\MPROF\NETWORK GAME PROGRAMMING\COURSEWORK\SERVER\SERVER\DEBUG\NWSYS.OBJ
C:\USERS\PETERMAC\DROPBOX\UNIVERSITY\MPROF\NETWORK GAME PROGRAMMING\COURSEWORK\SERVER\SERVER\DEBUG\MAIN.OBJ
C:\USERS\PETERMAC\DROPBOX\UNIVERSITY\MPROF\NETWORK GAME PROGRAMMING\COURSEWORK\SERVER\SERVER\DEBUG\VC110.PDB
C:\USERS\PETERMAC\DROPBOX\UNIVERSITY\MPROF\NETWORK GAME PROGRAMMING\COURSEWORK\SERVER\SERVER\DEBUG\NWSVR.OBJ
C:\Users\PeterMac\Dropbox\University\MProf\Network Game Programming\Coursework\Server\Server\Debug\GameWorld.obj
C:\Users\PeterMac\Dropbox\University\MProf\Network Game Programming\Coursework\Server\Server\Debug\main.obj
C:\Users\PeterMac\Dropbox\University\MProf\Network Game Programming\Coursework\Server\Server\Debug\NWEntity.obj
C:\Users\PeterMac\Dropbox\University\MProf\Network Game Programming\Coursework\Server\Server\Debug\NWSvr.obj
C:\Users\PeterMac\Dropbox\University\MProf\Network Game Programming\Coursework\Server\Server\Debug\NWSys.obj
C:\Users\PeterMac\Dropbox\University\MProf\Network Game Programming\Coursework\Server\Server\Debug\cl.command.1.tlog
C:\Users\PeterMac\Dropbox\University\MProf\Network Game Programming\Coursework\Server\Server\Debug\CL.read.1.tlog
C:\Users\PeterMac\Dropbox\University\MProf\Network Game Programming\Coursework\Server\Server\Debug\CL.write.1.tlog
C:\Users\PeterMac\Dropbox\University\MProf\Network Game Programming\Coursework\Server\Server\Debug\link-cvtres.read.1.tlog
C:\Users\PeterMac\Dropbox\University\MProf\Network Game Programming\Coursework\Server\Server\Debug\link-cvtres.write.1.tlog
C:\Users\PeterMac\Dropbox\University\MProf\Network Game Programming\Coursework\Server\Server\Debug\link-rc.read.1.tlog
C:\Users\PeterMac\Dropbox\University\MProf\Network Game Programming\Coursework\Server\Server\Debug\link-rc.write.1.tlog
C:\Users\PeterMac\Dropbox\University\MProf\Network Game Programming\Coursework\Server\Server\Debug\link.command.1.tlog
C:\Users\PeterMac\Dropbox\University\MProf\Network Game Programming\Coursework\Server\Server\Debug\link.read.1.tlog
C:\Users\PeterMac\Dropbox\University\MProf\Network Game Programming\Coursework\Server\Server\Debug\link.write.1.tlog
C:\Users\PeterMac\Dropbox\University\MProf\Network Game Programming\Coursework\Server\Server\Debug\vc110.idb
C:\Users\PeterMac\Dropbox\University\MProf\Network Game Programming\Coursework\Server\Server\Debug\vc110.pdb
C:\Users\PeterMac\Dropbox\University\MProf\Network Game Programming\Coursework\Server\Debug\Server.pdb
